
Evento de Log :   Hora: 12:35:12
  Codigo: 100
  Origen: global_asax./Documentos.aspx
  Mensaje: Error en la Web
  Tecnico: Mensaje:
Se produjo una excepción de tipo 'System.Web.HttpException'.<br/>-> Se produjo una excepción de tipo 'System.Web.HttpUnhandledException'.<br/>-> AjaxControlToolkit.AutoCompleteExtender missing required ServiceMethod property value for AutoCompleteExtender1.
Nombre del parámetro: ServiceMethod

Error:
System.Web.HttpException (0x80004005): Se produjo una excepción de tipo 'System.Web.HttpException'. ---> System.Web.HttpUnhandledException (0x80004005): Se produjo una excepción de tipo 'System.Web.HttpUnhandledException'. ---> System.ArgumentException: AjaxControlToolkit.AutoCompleteExtender missing required ServiceMethod property value for AutoCompleteExtender1.
Nombre del parámetro: ServiceMethod
   en AjaxControlToolkit.ExtenderControlBase.CheckIfValid(Boolean throwException)
   en AjaxControlToolkit.ExtenderControlBase.EnsureValid()
   en AjaxControlToolkit.ExtenderControlBase.GetScriptDescriptors(Control targetControl)
   en System.Web.UI.ExtenderControl.System.Web.UI.IExtenderControl.GetScriptDescriptors(Control targetControl)
   en System.Web.UI.ScriptControlManager.RegisterScriptDescriptors(IExtenderControl extenderControl)
   en System.Web.UI.ScriptManager.RegisterScriptDescriptors(IExtenderControl extenderControl)
   en System.Web.UI.ExtenderControl.Render(HtmlTextWriter writer)
   en System.Web.UI.Control.RenderControlInternal(HtmlTextWriter writer, ControlAdapter adapter)
   en System.Web.UI.Control.RenderControl(HtmlTextWriter writer, ControlAdapter adapter)
   en System.Web.UI.Control.RenderControl(HtmlTextWriter writer)
   en System.Web.UI.Control.RenderChildrenInternal(HtmlTextWriter writer, ICollection children)
   en System.Web.UI.Control.RenderChildren(HtmlTextWriter writer)
   en System.Web.UI.Control.Render(HtmlTextWriter writer)
   en System.Web.UI.Control.RenderControlInternal(HtmlTextWriter writer, ControlAdapter adapter)
   en System.Web.UI.Control.RenderControl(HtmlTextWriter writer, ControlAdapter adapter)
   en System.Web.UI.Control.RenderControl(HtmlTextWriter writer)
   en System.Web.UI.Control.RenderChildrenInternal(HtmlTextWriter writer, ICollection children)
   en System.Web.UI.UpdatePanel.RenderChildren(HtmlTextWriter writer)
   en System.Web.UI.UpdatePanel.Render(HtmlTextWriter writer)
   en System.Web.UI.Control.RenderControlInternal(HtmlTextWriter writer, ControlAdapter adapter)
   en System.Web.UI.Control.RenderControl(HtmlTextWriter writer, ControlAdapter adapter)
   en System.Web.UI.Control.RenderControl(HtmlTextWriter writer)
   en System.Web.UI.Control.RenderChildrenInternal(HtmlTextWriter writer, ICollection children)
   en System.Web.UI.Control.RenderChildren(HtmlTextWriter writer)
   en System.Web.UI.HtmlControls.HtmlContainerControl.Render(HtmlTextWriter writer)
   en System.Web.UI.Control.RenderControlInternal(HtmlTextWriter writer, ControlAdapter adapter)
   en System.Web.UI.Control.RenderControl(HtmlTextWriter writer, ControlAdapter adapter)
   en System.Web.UI.Control.RenderControl(HtmlTextWriter writer)
   en System.Web.UI.Control.RenderChildrenInternal(HtmlTextWriter writer, ICollection children)
   en System.Web.UI.Control.RenderChildren(HtmlTextWriter writer)
   en System.Web.UI.Control.Render(HtmlTextWriter writer)
   en System.Web.UI.Control.RenderControlInternal(HtmlTextWriter writer, ControlAdapter adapter)
   en System.Web.UI.Control.RenderControl(HtmlTextWriter writer, ControlAdapter adapter)
   en System.Web.UI.Control.RenderControl(HtmlTextWriter writer)
   en ASP.site_master.__RendermainForm(HtmlTextWriter __w, Control parameterContainer) en c:\Users\cesar\AppData\Local\Temp\Temporary ASP.NET Files\vs\d33e2fa4\3e4f89c1\App_Web_mzm2ali0.0.cs:línea 0
   en System.Web.UI.Control.RenderChildrenInternal(HtmlTextWriter writer, ICollection children)
   en System.Web.UI.HtmlControls.HtmlForm.RenderChildren(HtmlTextWriter writer)
   en System.Web.UI.HtmlControls.HtmlContainerControl.Render(HtmlTextWriter writer)
   en System.Web.UI.HtmlControls.HtmlForm.Render(HtmlTextWriter output)
   en System.Web.UI.Control.RenderControlInternal(HtmlTextWriter writer, ControlAdapter adapter)
   en System.Web.UI.Control.RenderControl(HtmlTextWriter writer, ControlAdapter adapter)
   en System.Web.UI.HtmlControls.HtmlForm.RenderControl(HtmlTextWriter writer)
   en System.Web.UI.Control.RenderChildrenInternal(HtmlTextWriter writer, ICollection children)
   en System.Web.UI.Control.RenderChildren(HtmlTextWriter writer)
   en System.Web.UI.HtmlControls.HtmlContainerControl.Render(HtmlTextWriter writer)
   en System.Web.UI.Control.RenderControlInternal(HtmlTextWriter writer, ControlAdapter adapter)
   en System.Web.UI.Control.RenderControl(HtmlTextWriter writer, ControlAdapter adapter)
   en System.Web.UI.Control.RenderControl(HtmlTextWriter writer)
   en System.Web.UI.Control.RenderChildrenInternal(HtmlTextWriter writer, ICollection children)
   en System.Web.UI.Control.RenderChildren(HtmlTextWriter writer)
   en System.Web.UI.Control.Render(HtmlTextWriter writer)
   en System.Web.UI.Control.RenderControlInternal(HtmlTextWriter writer, ControlAdapter adapter)
   en System.Web.UI.Control.RenderControl(HtmlTextWriter writer, ControlAdapter adapter)
   en System.Web.UI.Control.RenderControl(HtmlTextWriter writer)
   en System.Web.UI.Control.RenderChildrenInternal(HtmlTextWriter writer, ICollection children)
   en System.Web.UI.Control.RenderChildren(HtmlTextWriter writer)
   en System.Web.UI.Page.Render(HtmlTextWriter writer)
   en System.Web.UI.Control.RenderControlInternal(HtmlTextWriter writer, ControlAdapter adapter)
   en System.Web.UI.Control.RenderControl(HtmlTextWriter writer, ControlAdapter adapter)
   en System.Web.UI.Control.RenderControl(HtmlTextWriter writer)
   en System.Web.UI.Page.ProcessRequestMain(Boolean includeStagesBeforeAsyncPoint, Boolean includeStagesAfterAsyncPoint)
   en System.Web.UI.Page.HandleError(Exception e)
   en System.Web.UI.Page.ProcessRequestMain(Boolean includeStagesBeforeAsyncPoint, Boolean includeStagesAfterAsyncPoint)
   en System.Web.UI.Page.ProcessRequest(Boolean includeStagesBeforeAsyncPoint, Boolean includeStagesAfterAsyncPoint)
   en System.Web.UI.Page.LegacyPageAsyncInfo.<CallHandlersPossiblyUnderLock>b__27_0(Object o)
   en System.Web.HttpContext.InvokeCancellableCallback(WaitCallback callback, Object state)
   en System.Web.UI.Page.LegacyPageAsyncInfo.CallHandlersPossiblyUnderLock(Boolean onPageThread)
   en System.Web.UI.Page.LegacyPageAsyncInfo.CallHandlers(Boolean onPageThread)
   en System.Web.HttpAsyncResult.End()
   en System.Web.UI.Page.LegacyAsyncPageEndProcessRequest(IAsyncResult result)
   en System.Web.UI.Page.AsyncPageEndProcessRequest(IAsyncResult result)
   en ASP.documentos_aspx.EndProcessRequest(IAsyncResult ar) en c:\Users\cesar\AppData\Local\Temp\Temporary ASP.NET Files\vs\d33e2fa4\3e4f89c1\App_Web_documentos.aspx.cdcab7d2.npyustor.0.cs:línea 0
   en System.Web.HttpApplication.CallHandlerExecutionStep.System.Web.HttpApplication.IExecutionStep.Execute()
   en System.Web.HttpApplication.ExecuteStepImpl(IExecutionStep step)
   en System.Web.HttpApplication.ExecuteStep(IExecutionStep step, Boolean& completedSynchronously)<br/>-> System.Web.HttpUnhandledException (0x80004005): Se produjo una excepción de tipo 'System.Web.HttpUnhandledException'. ---> System.ArgumentException: AjaxControlToolkit.AutoCompleteExtender missing required ServiceMethod property value for AutoCompleteExtender1.
Nombre del parámetro: ServiceMethod
   en AjaxControlToolkit.ExtenderControlBase.CheckIfValid(Boolean throwException)
   en AjaxControlToolkit.ExtenderControlBase.EnsureValid()
   en AjaxControlToolkit.ExtenderControlBase.GetScriptDescriptors(Control targetControl)
   en System.Web.UI.ExtenderControl.System.Web.UI.IExtenderControl.GetScriptDescriptors(Control targetControl)
   en System.Web.UI.ScriptControlManager.RegisterScriptDescriptors(IExtenderControl extenderControl)
   en System.Web.UI.ScriptManager.RegisterScriptDescriptors(IExtenderControl extenderControl)
   en System.Web.UI.ExtenderControl.Render(HtmlTextWriter writer)
   en System.Web.UI.Control.RenderControlInternal(HtmlTextWriter writer, ControlAdapter adapter)
   en System.Web.UI.Control.RenderControl(HtmlTextWriter writer, ControlAdapter adapter)
   en System.Web.UI.Control.RenderControl(HtmlTextWriter writer)
   en System.Web.UI.Control.RenderChildrenInternal(HtmlTextWriter writer, ICollection children)
   en System.Web.UI.Control.RenderChildren(HtmlTextWriter writer)
   en System.Web.UI.Control.Render(HtmlTextWriter writer)
   en System.Web.UI.Control.RenderControlInternal(HtmlTextWriter writer, ControlAdapter adapter)
   en System.Web.UI.Control.RenderControl(HtmlTextWriter writer, ControlAdapter adapter)
   en System.Web.UI.Control.RenderControl(HtmlTextWriter writer)
   en System.Web.UI.Control.RenderChildrenInternal(HtmlTextWriter writer, ICollection children)
   en System.Web.UI.UpdatePanel.RenderChildren(HtmlTextWriter writer)
   en System.Web.UI.UpdatePanel.Render(HtmlTextWriter writer)
   en System.Web.UI.Control.RenderControlInternal(HtmlTextWriter writer, ControlAdapter adapter)
   en System.Web.UI.Control.RenderControl(HtmlTextWriter writer, ControlAdapter adapter)
   en System.Web.UI.Control.RenderControl(HtmlTextWriter writer)
   en System.Web.UI.Control.RenderChildrenInternal(HtmlTextWriter writer, ICollection children)
   en System.Web.UI.Control.RenderChildren(HtmlTextWriter writer)
   en System.Web.UI.HtmlControls.HtmlContainerControl.Render(HtmlTextWriter writer)
   en System.Web.UI.Control.RenderControlInternal(HtmlTextWriter writer, ControlAdapter adapter)
   en System.Web.UI.Control.RenderControl(HtmlTextWriter writer, ControlAdapter adapter)
   en System.Web.UI.Control.RenderControl(HtmlTextWriter writer)
   en System.Web.UI.Control.RenderChildrenInternal(HtmlTextWriter writer, ICollection children)
   en System.Web.UI.Control.RenderChildren(HtmlTextWriter writer)
   en System.Web.UI.Control.Render(HtmlTextWriter writer)
   en System.Web.UI.Control.RenderControlInternal(HtmlTextWriter writer, ControlAdapter adapter)
   en System.Web.UI.Control.RenderControl(HtmlTextWriter writer, ControlAdapter adapter)
   en System.Web.UI.Control.RenderControl(HtmlTextWriter writer)
   en ASP.site_master.__RendermainForm(HtmlTextWriter __w, Control parameterContainer) en c:\Users\cesar\AppData\Local\Temp\Temporary ASP.NET Files\vs\d33e2fa4\3e4f89c1\App_Web_mzm2ali0.0.cs:línea 0
   en System.Web.UI.Control.RenderChildrenInternal(HtmlTextWriter writer, ICollection children)
   en System.Web.UI.HtmlControls.HtmlForm.RenderChildren(HtmlTextWriter writer)
   en System.Web.UI.HtmlControls.HtmlContainerControl.Render(HtmlTextWriter writer)
   en System.Web.UI.HtmlControls.HtmlForm.Render(HtmlTextWriter output)
   en System.Web.UI.Control.RenderControlInternal(HtmlTextWriter writer, ControlAdapter adapter)
   en System.Web.UI.Control.RenderControl(HtmlTextWriter writer, ControlAdapter adapter)
   en System.Web.UI.HtmlControls.HtmlForm.RenderControl(HtmlTextWriter writer)
   en System.Web.UI.Control.RenderChildrenInternal(HtmlTextWriter writer, ICollection children)
   en System.Web.UI.Control.RenderChildren(HtmlTextWriter writer)
   en System.Web.UI.HtmlControls.HtmlContainerControl.Render(HtmlTextWriter writer)
   en System.Web.UI.Control.RenderControlInternal(HtmlTextWriter writer, ControlAdapter adapter)
   en System.Web.UI.Control.RenderControl(HtmlTextWriter writer, ControlAdapter adapter)
   en System.Web.UI.Control.RenderControl(HtmlTextWriter writer)
   en System.Web.UI.Control.RenderChildrenInternal(HtmlTextWriter writer, ICollection children)
   en System.Web.UI.Control.RenderChildren(HtmlTextWriter writer)
   en System.Web.UI.Control.Render(HtmlTextWriter writer)
   en System.Web.UI.Control.RenderControlInternal(HtmlTextWriter writer, ControlAdapter adapter)
   en System.Web.UI.Control.RenderControl(HtmlTextWriter writer, ControlAdapter adapter)
   en System.Web.UI.Control.RenderControl(HtmlTextWriter writer)
   en System.Web.UI.Control.RenderChildrenInternal(HtmlTextWriter writer, ICollection children)
   en System.Web.UI.Control.RenderChildren(HtmlTextWriter writer)
   en System.Web.UI.Page.Render(HtmlTextWriter writer)
   en System.Web.UI.Control.RenderControlInternal(HtmlTextWriter writer, ControlAdapter adapter)
   en System.Web.UI.Control.RenderControl(HtmlTextWriter writer, ControlAdapter adapter)
   en System.Web.UI.Control.RenderControl(HtmlTextWriter writer)
   en System.Web.UI.Page.ProcessRequestMain(Boolean includeStagesBeforeAsyncPoint, Boolean includeStagesAfterAsyncPoint)
   en System.Web.UI.Page.HandleError(Exception e)
   en System.Web.UI.Page.ProcessRequestMain(Boolean includeStagesBeforeAsyncPoint, Boolean includeStagesAfterAsyncPoint)
   en System.Web.UI.Page.ProcessRequest(Boolean includeStagesBeforeAsyncPoint, Boolean includeStagesAfterAsyncPoint)
   en System.Web.UI.Page.LegacyPageAsyncInfo.<CallHandlersPossiblyUnderLock>b__27_0(Object o)
   en System.Web.HttpContext.InvokeCancellableCallback(WaitCallback callback, Object state)
   en System.Web.UI.Page.LegacyPageAsyncInfo.CallHandlersPossiblyUnderLock(Boolean onPageThread)
   en System.Web.UI.Page.LegacyPageAsyncInfo.CallHandlers(Boolean onPageThread)<br/>-> System.ArgumentException: AjaxControlToolkit.AutoCompleteExtender missing required ServiceMethod property value for AutoCompleteExtender1.
Nombre del parámetro: ServiceMethod
   en AjaxControlToolkit.ExtenderControlBase.CheckIfValid(Boolean throwException)
   en AjaxControlToolkit.ExtenderControlBase.EnsureValid()
   en AjaxControlToolkit.ExtenderControlBase.GetScriptDescriptors(Control targetControl)
   en System.Web.UI.ExtenderControl.System.Web.UI.IExtenderControl.GetScriptDescriptors(Control targetControl)
   en System.Web.UI.ScriptControlManager.RegisterScriptDescriptors(IExtenderControl extenderControl)
   en System.Web.UI.ScriptManager.RegisterScriptDescriptors(IExtenderControl extenderControl)
   en System.Web.UI.ExtenderControl.Render(HtmlTextWriter writer)
   en System.Web.UI.Control.RenderControlInternal(HtmlTextWriter writer, ControlAdapter adapter)
   en System.Web.UI.Control.RenderControl(HtmlTextWriter writer, ControlAdapter adapter)
   en System.Web.UI.Control.RenderControl(HtmlTextWriter writer)
   en System.Web.UI.Control.RenderChildrenInternal(HtmlTextWriter writer, ICollection children)
   en System.Web.UI.Control.RenderChildren(HtmlTextWriter writer)
   en System.Web.UI.Control.Render(HtmlTextWriter writer)
   en System.Web.UI.Control.RenderControlInternal(HtmlTextWriter writer, ControlAdapter adapter)
   en System.Web.UI.Control.RenderControl(HtmlTextWriter writer, ControlAdapter adapter)
   en System.Web.UI.Control.RenderControl(HtmlTextWriter writer)
   en System.Web.UI.Control.RenderChildrenInternal(HtmlTextWriter writer, ICollection children)
   en System.Web.UI.UpdatePanel.RenderChildren(HtmlTextWriter writer)
   en System.Web.UI.UpdatePanel.Render(HtmlTextWriter writer)
   en System.Web.UI.Control.RenderControlInternal(HtmlTextWriter writer, ControlAdapter adapter)
   en System.Web.UI.Control.RenderControl(HtmlTextWriter writer, ControlAdapter adapter)
   en System.Web.UI.Control.RenderControl(HtmlTextWriter writer)
   en System.Web.UI.Control.RenderChildrenInternal(HtmlTextWriter writer, ICollection children)
   en System.Web.UI.Control.RenderChildren(HtmlTextWriter writer)
   en System.Web.UI.HtmlControls.HtmlContainerControl.Render(HtmlTextWriter writer)
   en System.Web.UI.Control.RenderControlInternal(HtmlTextWriter writer, ControlAdapter adapter)
   en System.Web.UI.Control.RenderControl(HtmlTextWriter writer, ControlAdapter adapter)
   en System.Web.UI.Control.RenderControl(HtmlTextWriter writer)
   en System.Web.UI.Control.RenderChildrenInternal(HtmlTextWriter writer, ICollection children)
   en System.Web.UI.Control.RenderChildren(HtmlTextWriter writer)
   en System.Web.UI.Control.Render(HtmlTextWriter writer)
   en System.Web.UI.Control.RenderControlInternal(HtmlTextWriter writer, ControlAdapter adapter)
   en System.Web.UI.Control.RenderControl(HtmlTextWriter writer, ControlAdapter adapter)
   en System.Web.UI.Control.RenderControl(HtmlTextWriter writer)
   en ASP.site_master.__RendermainForm(HtmlTextWriter __w, Control parameterContainer) en c:\Users\cesar\AppData\Local\Temp\Temporary ASP.NET Files\vs\d33e2fa4\3e4f89c1\App_Web_mzm2ali0.0.cs:línea 0
   en System.Web.UI.Control.RenderChildrenInternal(HtmlTextWriter writer, ICollection children)
   en System.Web.UI.HtmlControls.HtmlForm.RenderChildren(HtmlTextWriter writer)
   en System.Web.UI.HtmlControls.HtmlContainerControl.Render(HtmlTextWriter writer)
   en System.Web.UI.HtmlControls.HtmlForm.Render(HtmlTextWriter output)
   en System.Web.UI.Control.RenderControlInternal(HtmlTextWriter writer, ControlAdapter adapter)
   en System.Web.UI.Control.RenderControl(HtmlTextWriter writer, ControlAdapter adapter)
   en System.Web.UI.HtmlControls.HtmlForm.RenderControl(HtmlTextWriter writer)
   en System.Web.UI.Control.RenderChildrenInternal(HtmlTextWriter writer, ICollection children)
   en System.Web.UI.Control.RenderChildren(HtmlTextWriter writer)
   en System.Web.UI.HtmlControls.HtmlContainerControl.Render(HtmlTextWriter writer)
   en System.Web.UI.Control.RenderControlInternal(HtmlTextWriter writer, ControlAdapter adapter)
   en System.Web.UI.Control.RenderControl(HtmlTextWriter writer, ControlAdapter adapter)
   en System.Web.UI.Control.RenderControl(HtmlTextWriter writer)
   en System.Web.UI.Control.RenderChildrenInternal(HtmlTextWriter writer, ICollection children)
   en System.Web.UI.Control.RenderChildren(HtmlTextWriter writer)
   en System.Web.UI.Control.Render(HtmlTextWriter writer)
   en System.Web.UI.Control.RenderControlInternal(HtmlTextWriter writer, ControlAdapter adapter)
   en System.Web.UI.Control.RenderControl(HtmlTextWriter writer, ControlAdapter adapter)
   en System.Web.UI.Control.RenderControl(HtmlTextWriter writer)
   en System.Web.UI.Control.RenderChildrenInternal(HtmlTextWriter writer, ICollection children)
   en System.Web.UI.Control.RenderChildren(HtmlTextWriter writer)
   en System.Web.UI.Page.Render(HtmlTextWriter writer)
   en System.Web.UI.Control.RenderControlInternal(HtmlTextWriter writer, ControlAdapter adapter)
   en System.Web.UI.Control.RenderControl(HtmlTextWriter writer, ControlAdapter adapter)
   en System.Web.UI.Control.RenderControl(HtmlTextWriter writer)
   en System.Web.UI.Page.ProcessRequestMain(Boolean includeStagesBeforeAsyncPoint, Boolean includeStagesAfterAsyncPoint)

StackTrace
   en System.Web.HttpAsyncResult.End()
   en System.Web.UI.Page.LegacyAsyncPageEndProcessRequest(IAsyncResult result)
   en System.Web.UI.Page.AsyncPageEndProcessRequest(IAsyncResult result)
   en ASP.documentos_aspx.EndProcessRequest(IAsyncResult ar) en c:\Users\cesar\AppData\Local\Temp\Temporary ASP.NET Files\vs\d33e2fa4\3e4f89c1\App_Web_documentos.aspx.cdcab7d2.npyustor.0.cs:línea 0
   en System.Web.HttpApplication.CallHandlerExecutionStep.System.Web.HttpApplication.IExecutionStep.Execute()
   en System.Web.HttpApplication.ExecuteStepImpl(IExecutionStep step)
   en System.Web.HttpApplication.ExecuteStep(IExecutionStep step, Boolean& completedSynchronously)<br/>->    en System.Web.UI.Page.HandleError(Exception e)
   en System.Web.UI.Page.ProcessRequestMain(Boolean includeStagesBeforeAsyncPoint, Boolean includeStagesAfterAsyncPoint)
   en System.Web.UI.Page.ProcessRequest(Boolean includeStagesBeforeAsyncPoint, Boolean includeStagesAfterAsyncPoint)
   en System.Web.UI.Page.LegacyPageAsyncInfo.<CallHandlersPossiblyUnderLock>b__27_0(Object o)
   en System.Web.HttpContext.InvokeCancellableCallback(WaitCallback callback, Object state)
   en System.Web.UI.Page.LegacyPageAsyncInfo.CallHandlersPossiblyUnderLock(Boolean onPageThread)
   en System.Web.UI.Page.LegacyPageAsyncInfo.CallHandlers(Boolean onPageThread)<br/>->    en AjaxControlToolkit.ExtenderControlBase.CheckIfValid(Boolean throwException)
   en AjaxControlToolkit.ExtenderControlBase.EnsureValid()
   en AjaxControlToolkit.ExtenderControlBase.GetScriptDescriptors(Control targetControl)
   en System.Web.UI.ExtenderControl.System.Web.UI.IExtenderControl.GetScriptDescriptors(Control targetControl)
   en System.Web.UI.ScriptControlManager.RegisterScriptDescriptors(IExtenderControl extenderControl)
   en System.Web.UI.ScriptManager.RegisterScriptDescriptors(IExtenderControl extenderControl)
   en System.Web.UI.ExtenderControl.Render(HtmlTextWriter writer)
   en System.Web.UI.Control.RenderControlInternal(HtmlTextWriter writer, ControlAdapter adapter)
   en System.Web.UI.Control.RenderControl(HtmlTextWriter writer, ControlAdapter adapter)
   en System.Web.UI.Control.RenderControl(HtmlTextWriter writer)
   en System.Web.UI.Control.RenderChildrenInternal(HtmlTextWriter writer, ICollection children)
   en System.Web.UI.Control.RenderChildren(HtmlTextWriter writer)
   en System.Web.UI.Control.Render(HtmlTextWriter writer)
   en System.Web.UI.Control.RenderControlInternal(HtmlTextWriter writer, ControlAdapter adapter)
   en System.Web.UI.Control.RenderControl(HtmlTextWriter writer, ControlAdapter adapter)
   en System.Web.UI.Control.RenderControl(HtmlTextWriter writer)
   en System.Web.UI.Control.RenderChildrenInternal(HtmlTextWriter writer, ICollection children)
   en System.Web.UI.UpdatePanel.RenderChildren(HtmlTextWriter writer)
   en System.Web.UI.UpdatePanel.Render(HtmlTextWriter writer)
   en System.Web.UI.Control.RenderControlInternal(HtmlTextWriter writer, ControlAdapter adapter)
   en System.Web.UI.Control.RenderControl(HtmlTextWriter writer, ControlAdapter adapter)
   en System.Web.UI.Control.RenderControl(HtmlTextWriter writer)
   en System.Web.UI.Control.RenderChildrenInternal(HtmlTextWriter writer, ICollection children)
   en System.Web.UI.Control.RenderChildren(HtmlTextWriter writer)
   en System.Web.UI.HtmlControls.HtmlContainerControl.Render(HtmlTextWriter writer)
   en System.Web.UI.Control.RenderControlInternal(HtmlTextWriter writer, ControlAdapter adapter)
   en System.Web.UI.Control.RenderControl(HtmlTextWriter writer, ControlAdapter adapter)
   en System.Web.UI.Control.RenderControl(HtmlTextWriter writer)
   en System.Web.UI.Control.RenderChildrenInternal(HtmlTextWriter writer, ICollection children)
   en System.Web.UI.Control.RenderChildren(HtmlTextWriter writer)
   en System.Web.UI.Control.Render(HtmlTextWriter writer)
   en System.Web.UI.Control.RenderControlInternal(HtmlTextWriter writer, ControlAdapter adapter)
   en System.Web.UI.Control.RenderControl(HtmlTextWriter writer, ControlAdapter adapter)
   en System.Web.UI.Control.RenderControl(HtmlTextWriter writer)
   en ASP.site_master.__RendermainForm(HtmlTextWriter __w, Control parameterContainer) en c:\Users\cesar\AppData\Local\Temp\Temporary ASP.NET Files\vs\d33e2fa4\3e4f89c1\App_Web_mzm2ali0.0.cs:línea 0
   en System.Web.UI.Control.RenderChildrenInternal(HtmlTextWriter writer, ICollection children)
   en System.Web.UI.HtmlControls.HtmlForm.RenderChildren(HtmlTextWriter writer)
   en System.Web.UI.HtmlControls.HtmlContainerControl.Render(HtmlTextWriter writer)
   en System.Web.UI.HtmlControls.HtmlForm.Render(HtmlTextWriter output)
   en System.Web.UI.Control.RenderControlInternal(HtmlTextWriter writer, ControlAdapter adapter)
   en System.Web.UI.Control.RenderControl(HtmlTextWriter writer, ControlAdapter adapter)
   en System.Web.UI.HtmlControls.HtmlForm.RenderControl(HtmlTextWriter writer)
   en System.Web.UI.Control.RenderChildrenInternal(HtmlTextWriter writer, ICollection children)
   en System.Web.UI.Control.RenderChildren(HtmlTextWriter writer)
   en System.Web.UI.HtmlControls.HtmlContainerControl.Render(HtmlTextWriter writer)
   en System.Web.UI.Control.RenderControlInternal(HtmlTextWriter writer, ControlAdapter adapter)
   en System.Web.UI.Control.RenderControl(HtmlTextWriter writer, ControlAdapter adapter)
   en System.Web.UI.Control.RenderControl(HtmlTextWriter writer)
   en System.Web.UI.Control.RenderChildrenInternal(HtmlTextWriter writer, ICollection children)
   en System.Web.UI.Control.RenderChildren(HtmlTextWriter writer)
   en System.Web.UI.Control.Render(HtmlTextWriter writer)
   en System.Web.UI.Control.RenderControlInternal(HtmlTextWriter writer, ControlAdapter adapter)
   en System.Web.UI.Control.RenderControl(HtmlTextWriter writer, ControlAdapter adapter)
   en System.Web.UI.Control.RenderControl(HtmlTextWriter writer)
   en System.Web.UI.Control.RenderChildrenInternal(HtmlTextWriter writer, ICollection children)
   en System.Web.UI.Control.RenderChildren(HtmlTextWriter writer)
   en System.Web.UI.Page.Render(HtmlTextWriter writer)
   en System.Web.UI.Control.RenderControlInternal(HtmlTextWriter writer, ControlAdapter adapter)
   en System.Web.UI.Control.RenderControl(HtmlTextWriter writer, ControlAdapter adapter)
   en System.Web.UI.Control.RenderControl(HtmlTextWriter writer)
   en System.Web.UI.Page.ProcessRequestMain(Boolean includeStagesBeforeAsyncPoint, Boolean includeStagesAfterAsyncPoint)
  RFC Emisor: LAN7008173R5
--------------------------------------------------------------------------------------
