
Evento de Log :   Hora: 12:43:28
  Codigo: 100
  Origen: global_asax./Default.aspx
  Mensaje: Error en la Web
  Tecnico: Mensaje:
Se produjo una excepción de tipo 'System.Web.HttpUnhandledException'.<br/>-> El índice estaba fuera del intervalo. Debe ser un valor no negativo e inferior al tamaño de la colección.
Nombre del parámetro: index

Error:
System.Web.HttpUnhandledException (0x80004005): Se produjo una excepción de tipo 'System.Web.HttpUnhandledException'. ---> System.ArgumentOutOfRangeException: El índice estaba fuera del intervalo. Debe ser un valor no negativo e inferior al tamaño de la colección.
Nombre del parámetro: index
   en System.ThrowHelper.ThrowArgumentOutOfRangeException(ExceptionArgument argument, ExceptionResource resource)
   en System.Collections.Generic.List`1.RemoveAt(Int32 index)
   en DataExpressWeb.SiteMaster.RemoveNotification(Int32 index)
   en DataExpressWeb.SiteMaster.Page_Load(Object sender, EventArgs e)
   en System.Web.Util.CalliEventHandlerDelegateProxy.Callback(Object sender, EventArgs e)
   en System.Web.UI.Control.OnLoad(EventArgs e)
   en System.Web.UI.Control.LoadRecursive()
   en System.Web.UI.Control.LoadRecursive()
   en System.Web.UI.Page.ProcessRequestMain(Boolean includeStagesBeforeAsyncPoint, Boolean includeStagesAfterAsyncPoint)
   en System.Web.UI.Page.HandleError(Exception e)
   en System.Web.UI.Page.ProcessRequestMain(Boolean includeStagesBeforeAsyncPoint, Boolean includeStagesAfterAsyncPoint)
   en System.Web.UI.Page.ProcessRequest(Boolean includeStagesBeforeAsyncPoint, Boolean includeStagesAfterAsyncPoint)
   en System.Web.UI.Page.ProcessRequest()
   en System.Web.UI.Page.ProcessRequestWithNoAssert(HttpContext context)
   en System.Web.UI.Page.ProcessRequest(HttpContext context)
   en ASP.default_aspx.ProcessRequest(HttpContext context) en c:\Users\cesar\AppData\Local\Temp\Temporary ASP.NET Files\vs\9c6e9636\eab48be2\App_Web_default.aspx.cdcab7d2.oshv9gga.0.cs:línea 0
   en System.Web.HttpApplication.CallHandlerExecutionStep.System.Web.HttpApplication.IExecutionStep.Execute()
   en System.Web.HttpApplication.ExecuteStepImpl(IExecutionStep step)
   en System.Web.HttpApplication.ExecuteStep(IExecutionStep step, Boolean& completedSynchronously)<br/>-> System.ArgumentOutOfRangeException: El índice estaba fuera del intervalo. Debe ser un valor no negativo e inferior al tamaño de la colección.
Nombre del parámetro: index
   en System.ThrowHelper.ThrowArgumentOutOfRangeException(ExceptionArgument argument, ExceptionResource resource)
   en System.Collections.Generic.List`1.RemoveAt(Int32 index)
   en DataExpressWeb.SiteMaster.RemoveNotification(Int32 index)
   en DataExpressWeb.SiteMaster.Page_Load(Object sender, EventArgs e)
   en System.Web.Util.CalliEventHandlerDelegateProxy.Callback(Object sender, EventArgs e)
   en System.Web.UI.Control.OnLoad(EventArgs e)
   en System.Web.UI.Control.LoadRecursive()
   en System.Web.UI.Control.LoadRecursive()
   en System.Web.UI.Page.ProcessRequestMain(Boolean includeStagesBeforeAsyncPoint, Boolean includeStagesAfterAsyncPoint)

StackTrace
   en System.Web.UI.Page.HandleError(Exception e)
   en System.Web.UI.Page.ProcessRequestMain(Boolean includeStagesBeforeAsyncPoint, Boolean includeStagesAfterAsyncPoint)
   en System.Web.UI.Page.ProcessRequest(Boolean includeStagesBeforeAsyncPoint, Boolean includeStagesAfterAsyncPoint)
   en System.Web.UI.Page.ProcessRequest()
   en System.Web.UI.Page.ProcessRequestWithNoAssert(HttpContext context)
   en System.Web.UI.Page.ProcessRequest(HttpContext context)
   en ASP.default_aspx.ProcessRequest(HttpContext context) en c:\Users\cesar\AppData\Local\Temp\Temporary ASP.NET Files\vs\9c6e9636\eab48be2\App_Web_default.aspx.cdcab7d2.oshv9gga.0.cs:línea 0
   en System.Web.HttpApplication.CallHandlerExecutionStep.System.Web.HttpApplication.IExecutionStep.Execute()
   en System.Web.HttpApplication.ExecuteStepImpl(IExecutionStep step)
   en System.Web.HttpApplication.ExecuteStep(IExecutionStep step, Boolean& completedSynchronously)<br/>->    en System.ThrowHelper.ThrowArgumentOutOfRangeException(ExceptionArgument argument, ExceptionResource resource)
   en System.Collections.Generic.List`1.RemoveAt(Int32 index)
   en DataExpressWeb.SiteMaster.RemoveNotification(Int32 index)
   en DataExpressWeb.SiteMaster.Page_Load(Object sender, EventArgs e)
   en System.Web.Util.CalliEventHandlerDelegateProxy.Callback(Object sender, EventArgs e)
   en System.Web.UI.Control.OnLoad(EventArgs e)
   en System.Web.UI.Control.LoadRecursive()
   en System.Web.UI.Control.LoadRecursive()
   en System.Web.UI.Page.ProcessRequestMain(Boolean includeStagesBeforeAsyncPoint, Boolean includeStagesAfterAsyncPoint)
  RFC Emisor: LAN7008173R5
--------------------------------------------------------------------------------------

Evento de Log :   Hora: 02:27:14
  Codigo: 100
  Origen: global_asax./Default.aspx
  Mensaje: Error en la Web
  Tecnico: Mensaje:
Se produjo una excepción de tipo 'System.Web.HttpUnhandledException'.<br/>-> El índice estaba fuera del intervalo. Debe ser un valor no negativo e inferior al tamaño de la colección.
Nombre del parámetro: index

Error:
System.Web.HttpUnhandledException (0x80004005): Se produjo una excepción de tipo 'System.Web.HttpUnhandledException'. ---> System.ArgumentOutOfRangeException: El índice estaba fuera del intervalo. Debe ser un valor no negativo e inferior al tamaño de la colección.
Nombre del parámetro: index
   en System.ThrowHelper.ThrowArgumentOutOfRangeException(ExceptionArgument argument, ExceptionResource resource)
   en System.Collections.Generic.List`1.RemoveAt(Int32 index)
   en DataExpressWeb.SiteMaster.RemoveNotification(Int32 index)
   en DataExpressWeb.SiteMaster.Page_Load(Object sender, EventArgs e)
   en System.Web.Util.CalliEventHandlerDelegateProxy.Callback(Object sender, EventArgs e)
   en System.Web.UI.Control.OnLoad(EventArgs e)
   en System.Web.UI.Control.LoadRecursive()
   en System.Web.UI.Control.LoadRecursive()
   en System.Web.UI.Page.ProcessRequestMain(Boolean includeStagesBeforeAsyncPoint, Boolean includeStagesAfterAsyncPoint)
   en System.Web.UI.Page.HandleError(Exception e)
   en System.Web.UI.Page.ProcessRequestMain(Boolean includeStagesBeforeAsyncPoint, Boolean includeStagesAfterAsyncPoint)
   en System.Web.UI.Page.ProcessRequest(Boolean includeStagesBeforeAsyncPoint, Boolean includeStagesAfterAsyncPoint)
   en System.Web.UI.Page.ProcessRequest()
   en System.Web.UI.Page.ProcessRequestWithNoAssert(HttpContext context)
   en System.Web.UI.Page.ProcessRequest(HttpContext context)
   en ASP.default_aspx.ProcessRequest(HttpContext context) en c:\Users\cesar\AppData\Local\Temp\Temporary ASP.NET Files\vs\9c6e9636\eab48be2\App_Web_u2h5l1rg.5.cs:línea 0
   en System.Web.HttpApplication.CallHandlerExecutionStep.System.Web.HttpApplication.IExecutionStep.Execute()
   en System.Web.HttpApplication.ExecuteStepImpl(IExecutionStep step)
   en System.Web.HttpApplication.ExecuteStep(IExecutionStep step, Boolean& completedSynchronously)<br/>-> System.ArgumentOutOfRangeException: El índice estaba fuera del intervalo. Debe ser un valor no negativo e inferior al tamaño de la colección.
Nombre del parámetro: index
   en System.ThrowHelper.ThrowArgumentOutOfRangeException(ExceptionArgument argument, ExceptionResource resource)
   en System.Collections.Generic.List`1.RemoveAt(Int32 index)
   en DataExpressWeb.SiteMaster.RemoveNotification(Int32 index)
   en DataExpressWeb.SiteMaster.Page_Load(Object sender, EventArgs e)
   en System.Web.Util.CalliEventHandlerDelegateProxy.Callback(Object sender, EventArgs e)
   en System.Web.UI.Control.OnLoad(EventArgs e)
   en System.Web.UI.Control.LoadRecursive()
   en System.Web.UI.Control.LoadRecursive()
   en System.Web.UI.Page.ProcessRequestMain(Boolean includeStagesBeforeAsyncPoint, Boolean includeStagesAfterAsyncPoint)

StackTrace
   en System.Web.UI.Page.HandleError(Exception e)
   en System.Web.UI.Page.ProcessRequestMain(Boolean includeStagesBeforeAsyncPoint, Boolean includeStagesAfterAsyncPoint)
   en System.Web.UI.Page.ProcessRequest(Boolean includeStagesBeforeAsyncPoint, Boolean includeStagesAfterAsyncPoint)
   en System.Web.UI.Page.ProcessRequest()
   en System.Web.UI.Page.ProcessRequestWithNoAssert(HttpContext context)
   en System.Web.UI.Page.ProcessRequest(HttpContext context)
   en ASP.default_aspx.ProcessRequest(HttpContext context) en c:\Users\cesar\AppData\Local\Temp\Temporary ASP.NET Files\vs\9c6e9636\eab48be2\App_Web_u2h5l1rg.5.cs:línea 0
   en System.Web.HttpApplication.CallHandlerExecutionStep.System.Web.HttpApplication.IExecutionStep.Execute()
   en System.Web.HttpApplication.ExecuteStepImpl(IExecutionStep step)
   en System.Web.HttpApplication.ExecuteStep(IExecutionStep step, Boolean& completedSynchronously)<br/>->    en System.ThrowHelper.ThrowArgumentOutOfRangeException(ExceptionArgument argument, ExceptionResource resource)
   en System.Collections.Generic.List`1.RemoveAt(Int32 index)
   en DataExpressWeb.SiteMaster.RemoveNotification(Int32 index)
   en DataExpressWeb.SiteMaster.Page_Load(Object sender, EventArgs e)
   en System.Web.Util.CalliEventHandlerDelegateProxy.Callback(Object sender, EventArgs e)
   en System.Web.UI.Control.OnLoad(EventArgs e)
   en System.Web.UI.Control.LoadRecursive()
   en System.Web.UI.Control.LoadRecursive()
   en System.Web.UI.Page.ProcessRequestMain(Boolean includeStagesBeforeAsyncPoint, Boolean includeStagesAfterAsyncPoint)
  RFC Emisor: LAN7008173R5
--------------------------------------------------------------------------------------
