
Evento de Log :   Hora: 12:16:34
  Codigo: 100
  Origen: global_asax./descargarPDF.aspx
  Mensaje: Error en la Web
  Tecnico: Mensaje:
Se produjo una excepción de tipo 'System.Web.HttpUnhandledException'.<br/>-> No es posible conectar con el servidor remoto<br/>-> No se puede establecer una conexión ya que el equipo de destino denegó expresamente dicha conexión 127.0.0.1:49557

Error:
System.Web.HttpUnhandledException (0x80004005): Se produjo una excepción de tipo 'System.Web.HttpUnhandledException'. ---> System.Net.WebException: No es posible conectar con el servidor remoto ---> System.Net.Sockets.SocketException: No se puede establecer una conexión ya que el equipo de destino denegó expresamente dicha conexión 127.0.0.1:49557
   en System.Net.Sockets.Socket.DoConnect(EndPoint endPointSnapshot, SocketAddress socketAddress)
   en System.Net.ServicePoint.ConnectSocketInternal(Boolean connectFailure, Socket s4, Socket s6, Socket& socket, IPAddress& address, ConnectSocketState state, IAsyncResult asyncResult, Exception& exception)
   --- Fin del seguimiento de la pila de la excepción interna ---
   en System.Net.HttpWebRequest.GetRequestStream(TransportContext& context)
   en System.Net.HttpWebRequest.GetRequestStream()
   en System.Web.Services.Protocols.SoapHttpClientProtocol.Invoke(String methodName, Object[] parameters)
   en DataExpressWeb.wsEmision.WsEmision.GenerarPdfPagos(String emisorDb, String idPago, String idComprobante) en C:\Users\cesar\Documents\Visual Studio 2017\data\master\DataExpressWeb\Web References\wsEmision\Reference.cs:línea 631
   en DataExpressWeb.VisualizarDocumento.Page_Load(Object sender, EventArgs e) en C:\Users\cesar\Documents\Visual Studio 2017\data\master\DataExpressWeb\descargarPDF.aspx.cs:línea 94
   en System.Web.Util.CalliEventHandlerDelegateProxy.Callback(Object sender, EventArgs e)
   en System.Web.UI.Control.OnLoad(EventArgs e)
   en System.Web.UI.Control.LoadRecursive()
   en System.Web.UI.Page.ProcessRequestMain(Boolean includeStagesBeforeAsyncPoint, Boolean includeStagesAfterAsyncPoint)
   en System.Web.UI.Page.HandleError(Exception e)
   en System.Web.UI.Page.ProcessRequestMain(Boolean includeStagesBeforeAsyncPoint, Boolean includeStagesAfterAsyncPoint)
   en System.Web.UI.Page.ProcessRequest(Boolean includeStagesBeforeAsyncPoint, Boolean includeStagesAfterAsyncPoint)
   en System.Web.UI.Page.ProcessRequest()
   en System.Web.UI.Page.ProcessRequestWithNoAssert(HttpContext context)
   en System.Web.UI.Page.ProcessRequest(HttpContext context)
   en ASP.descargarpdf_aspx.ProcessRequest(HttpContext context) en c:\Users\cesar\AppData\Local\Temp\Temporary ASP.NET Files\vs\9c6e9636\eab48be2\App_Web_descargarpdf.aspx.cdcab7d2.y2jkshaa.0.cs:línea 0
   en System.Web.HttpApplication.CallHandlerExecutionStep.System.Web.HttpApplication.IExecutionStep.Execute()
   en System.Web.HttpApplication.ExecuteStepImpl(IExecutionStep step)
   en System.Web.HttpApplication.ExecuteStep(IExecutionStep step, Boolean& completedSynchronously)<br/>-> System.Net.WebException: No es posible conectar con el servidor remoto ---> System.Net.Sockets.SocketException: No se puede establecer una conexión ya que el equipo de destino denegó expresamente dicha conexión 127.0.0.1:49557
   en System.Net.Sockets.Socket.DoConnect(EndPoint endPointSnapshot, SocketAddress socketAddress)
   en System.Net.ServicePoint.ConnectSocketInternal(Boolean connectFailure, Socket s4, Socket s6, Socket& socket, IPAddress& address, ConnectSocketState state, IAsyncResult asyncResult, Exception& exception)
   --- Fin del seguimiento de la pila de la excepción interna ---
   en System.Net.HttpWebRequest.GetRequestStream(TransportContext& context)
   en System.Net.HttpWebRequest.GetRequestStream()
   en System.Web.Services.Protocols.SoapHttpClientProtocol.Invoke(String methodName, Object[] parameters)
   en DataExpressWeb.wsEmision.WsEmision.GenerarPdfPagos(String emisorDb, String idPago, String idComprobante) en C:\Users\cesar\Documents\Visual Studio 2017\data\master\DataExpressWeb\Web References\wsEmision\Reference.cs:línea 631
   en DataExpressWeb.VisualizarDocumento.Page_Load(Object sender, EventArgs e) en C:\Users\cesar\Documents\Visual Studio 2017\data\master\DataExpressWeb\descargarPDF.aspx.cs:línea 94
   en System.Web.Util.CalliEventHandlerDelegateProxy.Callback(Object sender, EventArgs e)
   en System.Web.UI.Control.OnLoad(EventArgs e)
   en System.Web.UI.Control.LoadRecursive()
   en System.Web.UI.Page.ProcessRequestMain(Boolean includeStagesBeforeAsyncPoint, Boolean includeStagesAfterAsyncPoint)<br/>-> System.Net.Sockets.SocketException (0x80004005): No se puede establecer una conexión ya que el equipo de destino denegó expresamente dicha conexión 127.0.0.1:49557
   en System.Net.Sockets.Socket.DoConnect(EndPoint endPointSnapshot, SocketAddress socketAddress)
   en System.Net.ServicePoint.ConnectSocketInternal(Boolean connectFailure, Socket s4, Socket s6, Socket& socket, IPAddress& address, ConnectSocketState state, IAsyncResult asyncResult, Exception& exception)

StackTrace
   en System.Web.UI.Page.HandleError(Exception e)
   en System.Web.UI.Page.ProcessRequestMain(Boolean includeStagesBeforeAsyncPoint, Boolean includeStagesAfterAsyncPoint)
   en System.Web.UI.Page.ProcessRequest(Boolean includeStagesBeforeAsyncPoint, Boolean includeStagesAfterAsyncPoint)
   en System.Web.UI.Page.ProcessRequest()
   en System.Web.UI.Page.ProcessRequestWithNoAssert(HttpContext context)
   en System.Web.UI.Page.ProcessRequest(HttpContext context)
   en ASP.descargarpdf_aspx.ProcessRequest(HttpContext context) en c:\Users\cesar\AppData\Local\Temp\Temporary ASP.NET Files\vs\9c6e9636\eab48be2\App_Web_descargarpdf.aspx.cdcab7d2.y2jkshaa.0.cs:línea 0
   en System.Web.HttpApplication.CallHandlerExecutionStep.System.Web.HttpApplication.IExecutionStep.Execute()
   en System.Web.HttpApplication.ExecuteStepImpl(IExecutionStep step)
   en System.Web.HttpApplication.ExecuteStep(IExecutionStep step, Boolean& completedSynchronously)<br/>->    en System.Net.HttpWebRequest.GetRequestStream(TransportContext& context)
   en System.Net.HttpWebRequest.GetRequestStream()
   en System.Web.Services.Protocols.SoapHttpClientProtocol.Invoke(String methodName, Object[] parameters)
   en DataExpressWeb.wsEmision.WsEmision.GenerarPdfPagos(String emisorDb, String idPago, String idComprobante) en C:\Users\cesar\Documents\Visual Studio 2017\data\master\DataExpressWeb\Web References\wsEmision\Reference.cs:línea 631
   en DataExpressWeb.VisualizarDocumento.Page_Load(Object sender, EventArgs e) en C:\Users\cesar\Documents\Visual Studio 2017\data\master\DataExpressWeb\descargarPDF.aspx.cs:línea 94
   en System.Web.Util.CalliEventHandlerDelegateProxy.Callback(Object sender, EventArgs e)
   en System.Web.UI.Control.OnLoad(EventArgs e)
   en System.Web.UI.Control.LoadRecursive()
   en System.Web.UI.Page.ProcessRequestMain(Boolean includeStagesBeforeAsyncPoint, Boolean includeStagesAfterAsyncPoint)<br/>->    en System.Net.Sockets.Socket.DoConnect(EndPoint endPointSnapshot, SocketAddress socketAddress)
   en System.Net.ServicePoint.ConnectSocketInternal(Boolean connectFailure, Socket s4, Socket s6, Socket& socket, IPAddress& address, ConnectSocketState state, IAsyncResult asyncResult, Exception& exception)
  RFC Emisor: LAN7008173R5
--------------------------------------------------------------------------------------

Evento de Log :   Hora: 01:56:05
  Codigo: 100
  Origen: global_asax./descargarPDF.aspx
  Mensaje: Error en la Web
  Tecnico: Mensaje:
Se produjo una excepción de tipo 'System.Web.HttpUnhandledException'.<br/>-> Se ha terminado la conexión: Error inesperado de recepción.<br/>-> No se puede escribir datos de en la conexión de transporte: Se ha forzado la interrupción de una conexión existente por el host remoto.<br/>-> Se ha forzado la interrupción de una conexión existente por el host remoto

Error:
System.Web.HttpUnhandledException (0x80004005): Se produjo una excepción de tipo 'System.Web.HttpUnhandledException'. ---> System.Net.WebException: Se ha terminado la conexión: Error inesperado de recepción. ---> System.IO.IOException: No se puede escribir datos de en la conexión de transporte: Se ha forzado la interrupción de una conexión existente por el host remoto. ---> System.Net.Sockets.SocketException: Se ha forzado la interrupción de una conexión existente por el host remoto
   en System.Net.Sockets.Socket.Receive(Byte[] buffer, Int32 offset, Int32 size, SocketFlags socketFlags)
   en System.Net.Sockets.NetworkStream.Read(Byte[] buffer, Int32 offset, Int32 size)
   --- Fin del seguimiento de la pila de la excepción interna ---
   en System.Net.Sockets.NetworkStream.Read(Byte[] buffer, Int32 offset, Int32 size)
   en System.Net.PooledStream.Read(Byte[] buffer, Int32 offset, Int32 size)
   en System.Net.Connection.SyncRead(HttpWebRequest request, Boolean userRetrievedStream, Boolean probeRead)
   --- Fin del seguimiento de la pila de la excepción interna ---
   en System.Web.Services.Protocols.WebClientProtocol.GetWebResponse(WebRequest request)
   en System.Web.Services.Protocols.HttpWebClientProtocol.GetWebResponse(WebRequest request)
   en System.Web.Services.Protocols.SoapHttpClientProtocol.Invoke(String methodName, Object[] parameters)
   en DataExpressWeb.wsEmision.WsEmision.GenerarPdf(String emisorDb, String idComprobante, String codDoc) en C:\Users\cesar\Documents\Visual Studio 2017\data\master\DataExpressWeb\Web References\wsEmision\Reference.cs:línea 597
   en DataExpressWeb.VisualizarDocumento.Page_Load(Object sender, EventArgs e) en C:\Users\cesar\Documents\Visual Studio 2017\data\master\DataExpressWeb\descargarPDF.aspx.cs:línea 67
   en System.Web.Util.CalliEventHandlerDelegateProxy.Callback(Object sender, EventArgs e)
   en System.Web.UI.Control.OnLoad(EventArgs e)
   en System.Web.UI.Control.LoadRecursive()
   en System.Web.UI.Page.ProcessRequestMain(Boolean includeStagesBeforeAsyncPoint, Boolean includeStagesAfterAsyncPoint)
   en System.Web.UI.Page.HandleError(Exception e)
   en System.Web.UI.Page.ProcessRequestMain(Boolean includeStagesBeforeAsyncPoint, Boolean includeStagesAfterAsyncPoint)
   en System.Web.UI.Page.ProcessRequest(Boolean includeStagesBeforeAsyncPoint, Boolean includeStagesAfterAsyncPoint)
   en System.Web.UI.Page.ProcessRequest()
   en System.Web.UI.Page.ProcessRequestWithNoAssert(HttpContext context)
   en System.Web.UI.Page.ProcessRequest(HttpContext context)
   en ASP.descargarpdf_aspx.ProcessRequest(HttpContext context) en c:\Users\cesar\AppData\Local\Temp\Temporary ASP.NET Files\vs\9c6e9636\eab48be2\App_Web_descargarpdf.aspx.cdcab7d2.wrgvdbdn.0.cs:línea 0
   en System.Web.HttpApplication.CallHandlerExecutionStep.System.Web.HttpApplication.IExecutionStep.Execute()
   en System.Web.HttpApplication.ExecuteStepImpl(IExecutionStep step)
   en System.Web.HttpApplication.ExecuteStep(IExecutionStep step, Boolean& completedSynchronously)<br/>-> System.Net.WebException: Se ha terminado la conexión: Error inesperado de recepción. ---> System.IO.IOException: No se puede escribir datos de en la conexión de transporte: Se ha forzado la interrupción de una conexión existente por el host remoto. ---> System.Net.Sockets.SocketException: Se ha forzado la interrupción de una conexión existente por el host remoto
   en System.Net.Sockets.Socket.Receive(Byte[] buffer, Int32 offset, Int32 size, SocketFlags socketFlags)
   en System.Net.Sockets.NetworkStream.Read(Byte[] buffer, Int32 offset, Int32 size)
   --- Fin del seguimiento de la pila de la excepción interna ---
   en System.Net.Sockets.NetworkStream.Read(Byte[] buffer, Int32 offset, Int32 size)
   en System.Net.PooledStream.Read(Byte[] buffer, Int32 offset, Int32 size)
   en System.Net.Connection.SyncRead(HttpWebRequest request, Boolean userRetrievedStream, Boolean probeRead)
   --- Fin del seguimiento de la pila de la excepción interna ---
   en System.Web.Services.Protocols.WebClientProtocol.GetWebResponse(WebRequest request)
   en System.Web.Services.Protocols.HttpWebClientProtocol.GetWebResponse(WebRequest request)
   en System.Web.Services.Protocols.SoapHttpClientProtocol.Invoke(String methodName, Object[] parameters)
   en DataExpressWeb.wsEmision.WsEmision.GenerarPdf(String emisorDb, String idComprobante, String codDoc) en C:\Users\cesar\Documents\Visual Studio 2017\data\master\DataExpressWeb\Web References\wsEmision\Reference.cs:línea 597
   en DataExpressWeb.VisualizarDocumento.Page_Load(Object sender, EventArgs e) en C:\Users\cesar\Documents\Visual Studio 2017\data\master\DataExpressWeb\descargarPDF.aspx.cs:línea 67
   en System.Web.Util.CalliEventHandlerDelegateProxy.Callback(Object sender, EventArgs e)
   en System.Web.UI.Control.OnLoad(EventArgs e)
   en System.Web.UI.Control.LoadRecursive()
   en System.Web.UI.Page.ProcessRequestMain(Boolean includeStagesBeforeAsyncPoint, Boolean includeStagesAfterAsyncPoint)<br/>-> System.IO.IOException: No se puede escribir datos de en la conexión de transporte: Se ha forzado la interrupción de una conexión existente por el host remoto. ---> System.Net.Sockets.SocketException: Se ha forzado la interrupción de una conexión existente por el host remoto
   en System.Net.Sockets.Socket.Receive(Byte[] buffer, Int32 offset, Int32 size, SocketFlags socketFlags)
   en System.Net.Sockets.NetworkStream.Read(Byte[] buffer, Int32 offset, Int32 size)
   --- Fin del seguimiento de la pila de la excepción interna ---
   en System.Net.Sockets.NetworkStream.Read(Byte[] buffer, Int32 offset, Int32 size)
   en System.Net.PooledStream.Read(Byte[] buffer, Int32 offset, Int32 size)
   en System.Net.Connection.SyncRead(HttpWebRequest request, Boolean userRetrievedStream, Boolean probeRead)<br/>-> System.Net.Sockets.SocketException (0x80004005): Se ha forzado la interrupción de una conexión existente por el host remoto
   en System.Net.Sockets.Socket.Receive(Byte[] buffer, Int32 offset, Int32 size, SocketFlags socketFlags)
   en System.Net.Sockets.NetworkStream.Read(Byte[] buffer, Int32 offset, Int32 size)

StackTrace
   en System.Web.UI.Page.HandleError(Exception e)
   en System.Web.UI.Page.ProcessRequestMain(Boolean includeStagesBeforeAsyncPoint, Boolean includeStagesAfterAsyncPoint)
   en System.Web.UI.Page.ProcessRequest(Boolean includeStagesBeforeAsyncPoint, Boolean includeStagesAfterAsyncPoint)
   en System.Web.UI.Page.ProcessRequest()
   en System.Web.UI.Page.ProcessRequestWithNoAssert(HttpContext context)
   en System.Web.UI.Page.ProcessRequest(HttpContext context)
   en ASP.descargarpdf_aspx.ProcessRequest(HttpContext context) en c:\Users\cesar\AppData\Local\Temp\Temporary ASP.NET Files\vs\9c6e9636\eab48be2\App_Web_descargarpdf.aspx.cdcab7d2.wrgvdbdn.0.cs:línea 0
   en System.Web.HttpApplication.CallHandlerExecutionStep.System.Web.HttpApplication.IExecutionStep.Execute()
   en System.Web.HttpApplication.ExecuteStepImpl(IExecutionStep step)
   en System.Web.HttpApplication.ExecuteStep(IExecutionStep step, Boolean& completedSynchronously)<br/>->    en System.Web.Services.Protocols.WebClientProtocol.GetWebResponse(WebRequest request)
   en System.Web.Services.Protocols.HttpWebClientProtocol.GetWebResponse(WebRequest request)
   en System.Web.Services.Protocols.SoapHttpClientProtocol.Invoke(String methodName, Object[] parameters)
   en DataExpressWeb.wsEmision.WsEmision.GenerarPdf(String emisorDb, String idComprobante, String codDoc) en C:\Users\cesar\Documents\Visual Studio 2017\data\master\DataExpressWeb\Web References\wsEmision\Reference.cs:línea 597
   en DataExpressWeb.VisualizarDocumento.Page_Load(Object sender, EventArgs e) en C:\Users\cesar\Documents\Visual Studio 2017\data\master\DataExpressWeb\descargarPDF.aspx.cs:línea 67
   en System.Web.Util.CalliEventHandlerDelegateProxy.Callback(Object sender, EventArgs e)
   en System.Web.UI.Control.OnLoad(EventArgs e)
   en System.Web.UI.Control.LoadRecursive()
   en System.Web.UI.Page.ProcessRequestMain(Boolean includeStagesBeforeAsyncPoint, Boolean includeStagesAfterAsyncPoint)<br/>->    en System.Net.Sockets.NetworkStream.Read(Byte[] buffer, Int32 offset, Int32 size)
   en System.Net.PooledStream.Read(Byte[] buffer, Int32 offset, Int32 size)
   en System.Net.Connection.SyncRead(HttpWebRequest request, Boolean userRetrievedStream, Boolean probeRead)<br/>->    en System.Net.Sockets.Socket.Receive(Byte[] buffer, Int32 offset, Int32 size, SocketFlags socketFlags)
   en System.Net.Sockets.NetworkStream.Read(Byte[] buffer, Int32 offset, Int32 size)
  RFC Emisor: LAN7008173R5
--------------------------------------------------------------------------------------
