
Evento de Log :   Hora: 01:39:14
  Codigo: 100
  Origen: global_asax./descargarPDF.aspx
  Mensaje: Error en la Web
  Tecnico: Mensaje:
Se produjo una excepción de tipo 'System.Web.HttpUnhandledException'.<br/>-> No es posible conectar con el servidor remoto<br/>-> No se puede establecer una conexión ya que el equipo de destino denegó expresamente dicha conexión 127.0.0.1:49557

Error:
System.Web.HttpUnhandledException (0x80004005): Se produjo una excepción de tipo 'System.Web.HttpUnhandledException'. ---> System.Net.WebException: No es posible conectar con el servidor remoto ---> System.Net.Sockets.SocketException: No se puede establecer una conexión ya que el equipo de destino denegó expresamente dicha conexión 127.0.0.1:49557
   en System.Net.Sockets.Socket.DoConnect(EndPoint endPointSnapshot, SocketAddress socketAddress)
   en System.Net.ServicePoint.ConnectSocketInternal(Boolean connectFailure, Socket s4, Socket s6, Socket& socket, IPAddress& address, ConnectSocketState state, IAsyncResult asyncResult, Exception& exception)
   --- Fin del seguimiento de la pila de la excepción interna ---
   en System.Net.HttpWebRequest.GetRequestStream(TransportContext& context)
   en System.Net.HttpWebRequest.GetRequestStream()
   en System.Web.Services.Protocols.SoapHttpClientProtocol.Invoke(String methodName, Object[] parameters)
   en DataExpressWeb.wsEmision.WsEmision.GenerarPdfPagos(String emisorDb, String idPago, String idComprobante) en C:\Users\cesar\Documents\Visual Studio 2017\data\org\DataExpressWeb\Web References\wsEmision\Reference.cs:línea 631
   en DataExpressWeb.VisualizarDocumento.Page_Load(Object sender, EventArgs e) en C:\Users\cesar\Documents\Visual Studio 2017\data\org\DataExpressWeb\descargarPDF.aspx.cs:línea 94
   en System.Web.Util.CalliEventHandlerDelegateProxy.Callback(Object sender, EventArgs e)
   en System.Web.UI.Control.OnLoad(EventArgs e)
   en System.Web.UI.Control.LoadRecursive()
   en System.Web.UI.Page.ProcessRequestMain(Boolean includeStagesBeforeAsyncPoint, Boolean includeStagesAfterAsyncPoint)
   en System.Web.UI.Page.HandleError(Exception e)
   en System.Web.UI.Page.ProcessRequestMain(Boolean includeStagesBeforeAsyncPoint, Boolean includeStagesAfterAsyncPoint)
   en System.Web.UI.Page.ProcessRequest(Boolean includeStagesBeforeAsyncPoint, Boolean includeStagesAfterAsyncPoint)
   en System.Web.UI.Page.ProcessRequest()
   en System.Web.UI.Page.ProcessRequestWithNoAssert(HttpContext context)
   en System.Web.UI.Page.ProcessRequest(HttpContext context)
   en ASP.descargarpdf_aspx.ProcessRequest(HttpContext context) en c:\Users\cesar\AppData\Local\Temp\Temporary ASP.NET Files\vs\d33e2fa4\3e4f89c1\App_Web_jt4hogft.7.cs:línea 0
   en System.Web.HttpApplication.CallHandlerExecutionStep.System.Web.HttpApplication.IExecutionStep.Execute()
   en System.Web.HttpApplication.ExecuteStepImpl(IExecutionStep step)
   en System.Web.HttpApplication.ExecuteStep(IExecutionStep step, Boolean& completedSynchronously)<br/>-> System.Net.WebException: No es posible conectar con el servidor remoto ---> System.Net.Sockets.SocketException: No se puede establecer una conexión ya que el equipo de destino denegó expresamente dicha conexión 127.0.0.1:49557
   en System.Net.Sockets.Socket.DoConnect(EndPoint endPointSnapshot, SocketAddress socketAddress)
   en System.Net.ServicePoint.ConnectSocketInternal(Boolean connectFailure, Socket s4, Socket s6, Socket& socket, IPAddress& address, ConnectSocketState state, IAsyncResult asyncResult, Exception& exception)
   --- Fin del seguimiento de la pila de la excepción interna ---
   en System.Net.HttpWebRequest.GetRequestStream(TransportContext& context)
   en System.Net.HttpWebRequest.GetRequestStream()
   en System.Web.Services.Protocols.SoapHttpClientProtocol.Invoke(String methodName, Object[] parameters)
   en DataExpressWeb.wsEmision.WsEmision.GenerarPdfPagos(String emisorDb, String idPago, String idComprobante) en C:\Users\cesar\Documents\Visual Studio 2017\data\org\DataExpressWeb\Web References\wsEmision\Reference.cs:línea 631
   en DataExpressWeb.VisualizarDocumento.Page_Load(Object sender, EventArgs e) en C:\Users\cesar\Documents\Visual Studio 2017\data\org\DataExpressWeb\descargarPDF.aspx.cs:línea 94
   en System.Web.Util.CalliEventHandlerDelegateProxy.Callback(Object sender, EventArgs e)
   en System.Web.UI.Control.OnLoad(EventArgs e)
   en System.Web.UI.Control.LoadRecursive()
   en System.Web.UI.Page.ProcessRequestMain(Boolean includeStagesBeforeAsyncPoint, Boolean includeStagesAfterAsyncPoint)<br/>-> System.Net.Sockets.SocketException (0x80004005): No se puede establecer una conexión ya que el equipo de destino denegó expresamente dicha conexión 127.0.0.1:49557
   en System.Net.Sockets.Socket.DoConnect(EndPoint endPointSnapshot, SocketAddress socketAddress)
   en System.Net.ServicePoint.ConnectSocketInternal(Boolean connectFailure, Socket s4, Socket s6, Socket& socket, IPAddress& address, ConnectSocketState state, IAsyncResult asyncResult, Exception& exception)

StackTrace
   en System.Web.UI.Page.HandleError(Exception e)
   en System.Web.UI.Page.ProcessRequestMain(Boolean includeStagesBeforeAsyncPoint, Boolean includeStagesAfterAsyncPoint)
   en System.Web.UI.Page.ProcessRequest(Boolean includeStagesBeforeAsyncPoint, Boolean includeStagesAfterAsyncPoint)
   en System.Web.UI.Page.ProcessRequest()
   en System.Web.UI.Page.ProcessRequestWithNoAssert(HttpContext context)
   en System.Web.UI.Page.ProcessRequest(HttpContext context)
   en ASP.descargarpdf_aspx.ProcessRequest(HttpContext context) en c:\Users\cesar\AppData\Local\Temp\Temporary ASP.NET Files\vs\d33e2fa4\3e4f89c1\App_Web_jt4hogft.7.cs:línea 0
   en System.Web.HttpApplication.CallHandlerExecutionStep.System.Web.HttpApplication.IExecutionStep.Execute()
   en System.Web.HttpApplication.ExecuteStepImpl(IExecutionStep step)
   en System.Web.HttpApplication.ExecuteStep(IExecutionStep step, Boolean& completedSynchronously)<br/>->    en System.Net.HttpWebRequest.GetRequestStream(TransportContext& context)
   en System.Net.HttpWebRequest.GetRequestStream()
   en System.Web.Services.Protocols.SoapHttpClientProtocol.Invoke(String methodName, Object[] parameters)
   en DataExpressWeb.wsEmision.WsEmision.GenerarPdfPagos(String emisorDb, String idPago, String idComprobante) en C:\Users\cesar\Documents\Visual Studio 2017\data\org\DataExpressWeb\Web References\wsEmision\Reference.cs:línea 631
   en DataExpressWeb.VisualizarDocumento.Page_Load(Object sender, EventArgs e) en C:\Users\cesar\Documents\Visual Studio 2017\data\org\DataExpressWeb\descargarPDF.aspx.cs:línea 94
   en System.Web.Util.CalliEventHandlerDelegateProxy.Callback(Object sender, EventArgs e)
   en System.Web.UI.Control.OnLoad(EventArgs e)
   en System.Web.UI.Control.LoadRecursive()
   en System.Web.UI.Page.ProcessRequestMain(Boolean includeStagesBeforeAsyncPoint, Boolean includeStagesAfterAsyncPoint)<br/>->    en System.Net.Sockets.Socket.DoConnect(EndPoint endPointSnapshot, SocketAddress socketAddress)
   en System.Net.ServicePoint.ConnectSocketInternal(Boolean connectFailure, Socket s4, Socket s6, Socket& socket, IPAddress& address, ConnectSocketState state, IAsyncResult asyncResult, Exception& exception)
  RFC Emisor: LAN7008173R5
--------------------------------------------------------------------------------------
